2026-03-11 23:03:56 | INFO     | [ModeLoader] Loaded mode 'personal' from config/personas_personal.py — 4 personas
2026-03-11 23:06:05 | INFO     | [ModeLoader] Loaded mode 'personal' from config/personas_personal.py — 4 personas
2026-03-11 23:06:05 | INFO     | [StrategyPlanner] Tables verified.
2026-03-11 23:06:52 | INFO     | [StrategyPlanner] Tables verified.
2026-03-11 23:11:43 | INFO     | [ModeLoader] Loaded mode 'personal' from config/personas_personal.py — 4 personas
2026-03-11 23:11:43 | INFO     | [StrategyPlanner] Tables verified.
2026-03-11 23:45:43 | INFO     | [ModeLoader] Loaded mode 'personal' from config/personas_personal.py — 4 personas
2026-03-11 23:45:43 | INFO     | [StrategyPlanner] Tables verified.
2026-03-11 23:45:58 | INFO     | [ModeLoader] Loaded mode 'personal' from config/personas_personal.py — 4 personas
2026-03-11 23:45:58 | INFO     | [StrategyPlanner] Tables verified.
2026-03-11 23:47:33 | INFO     | [ModeLoader] Loaded mode 'personal' from config/personas_personal.py — 4 personas
2026-03-11 23:47:33 | INFO     | [StrategyPlanner] Tables verified.
2026-03-11 23:51:19 | INFO     | [ModeLoader] Loaded mode 'personal' from config/personas_personal.py — 4 personas
2026-03-11 23:51:19 | INFO     | [StrategyPlanner] Tables verified.
2026-03-11 23:54:52 | INFO     | [StrategyPlanner] Tables verified.
2026-03-12 00:20:46 | INFO     | [ModeLoader] Loaded mode 'personal' from config/personas_personal.py — 4 personas
2026-03-12 00:20:46 | INFO     | [StrategyPlanner] Tables verified.
2026-03-12 04:36:01 | INFO     | [ModeLoader] Loaded mode 'personal' from config/personas_personal.py — 4 personas
2026-03-12 04:36:01 | INFO     | [StrategyPlanner] Tables verified.
2026-03-12 04:36:01 | INFO     | [SessionState] SessionState loaded: profile=Antonio, goals=1, tiered_personas=0 | active=[substance(full), streak, decisions] skipped=[contradictions]
2026-03-12 04:36:01 | INFO     | [BackgroundRunner] Daemon started — pre-warming context cache in 60s
2026-03-12 05:10:45 | INFO     | [ModeLoader] Loaded mode 'personal' from config/personas_personal.py — 4 personas
2026-03-12 05:10:45 | INFO     | [StrategyPlanner] Tables verified.
2026-03-12 05:10:45 | INFO     | [SessionState] SessionState loaded: profile=Antonio, goals=1, tiered_personas=0 | active=[substance(full), streak, decisions] skipped=[contradictions]
2026-03-12 05:10:45 | INFO     | [BackgroundRunner] Daemon started — pre-warming context cache in 60s
2026-03-12 05:11:45 | INFO     | [BackgroundRunner] Cache: expired stale entries
2026-03-12 05:11:45 | INFO     | [BackgroundRunner] Pattern: pre-computed and cached (120min TTL)
2026-03-12 05:11:45 | INFO     | [BackgroundRunner] Contradiction: pending intentions assessed
2026-03-12 05:11:45 | INFO     | [BackgroundRunner] Streak: today assessed
2026-03-12 09:33:18 | INFO     | [ModeLoader] Loaded mode 'personal' from config/personas_personal.py — 4 personas
2026-03-12 09:33:18 | INFO     | [StrategyPlanner] Tables verified.
2026-03-12 09:33:18 | INFO     | [SessionState] SessionState loaded: profile=Antonio, goals=1, tiered_personas=0 | active=[substance(full), streak, decisions] skipped=[contradictions]
2026-03-12 09:33:18 | INFO     | [BackgroundRunner] Daemon started — pre-warming context cache in 60s
2026-03-12 10:10:44 | INFO     | [ModeLoader] Loaded mode 'personal' from config/personas_personal.py — 4 personas
2026-03-12 10:10:44 | INFO     | [StrategyPlanner] Tables verified.
2026-03-12 10:10:44 | INFO     | [SessionState] SessionState loaded: profile=Antonio, goals=1, tiered_personas=0 | active=[substance(full), streak, decisions] skipped=[contradictions]
2026-03-12 10:10:44 | INFO     | [BackgroundRunner] Daemon started — pre-warming context cache in 60s
2026-03-12 10:17:10 | INFO     | [ModeLoader] Loaded mode 'personal' from config/personas_personal.py — 4 personas
2026-03-12 10:17:10 | INFO     | [StrategyPlanner] Tables verified.
2026-03-12 10:17:10 | INFO     | [SessionState] SessionState loaded: profile=Antonio, goals=1, tiered_personas=0 | active=[substance(full), streak, decisions] skipped=[contradictions]
2026-03-12 10:17:10 | INFO     | [BackgroundRunner] Daemon started — pre-warming context cache in 60s
2026-03-12 10:17:54 | INFO     | [ModeLoader] Loaded mode 'personal' from config/personas_personal.py — 4 personas
2026-03-12 10:17:54 | INFO     | [StrategyPlanner] Tables verified.
2026-03-12 10:17:54 | INFO     | [SessionState] SessionState loaded: profile=Antonio, goals=1, tiered_personas=0 | active=[substance(full), streak, decisions] skipped=[contradictions]
2026-03-12 10:17:54 | INFO     | [BackgroundRunner] Daemon started — pre-warming context cache in 60s
2026-03-12 10:18:32 | INFO     | [ModeLoader] Loaded mode 'personal' from config/personas_personal.py — 4 personas
2026-03-12 10:18:32 | INFO     | [StrategyPlanner] Tables verified.
2026-03-12 10:18:32 | INFO     | [SessionState] SessionState loaded: profile=Antonio, goals=1, tiered_personas=0 | active=[substance(full), streak, decisions] skipped=[contradictions]
2026-03-12 10:18:32 | INFO     | [BackgroundRunner] Daemon started — pre-warming context cache in 60s
2026-03-12 10:19:32 | INFO     | [BackgroundRunner] Cache: expired stale entries
2026-03-12 10:19:32 | INFO     | [BackgroundRunner] Pattern: pre-computed and cached (120min TTL)
2026-03-12 10:19:32 | INFO     | [BackgroundRunner] Contradiction: pending intentions assessed
2026-03-12 10:19:32 | INFO     | [BackgroundRunner] Streak: today assessed
2026-03-12 10:22:23 | INFO     | [ModeLoader] Loaded mode 'personal' from config/personas_personal.py — 4 personas
2026-03-12 10:22:23 | INFO     | [StrategyPlanner] Tables verified.
2026-03-12 10:22:23 | INFO     | [SessionState] SessionState loaded: profile=Antonio, goals=1, tiered_personas=0 | active=[substance(full), streak, decisions] skipped=[contradictions]
2026-03-12 10:22:23 | INFO     | [BackgroundRunner] Daemon started — pre-warming context cache in 60s
2026-03-12 10:23:13 | INFO     | [ModeLoader] Loaded mode 'personal' from config/personas_personal.py — 4 personas
2026-03-12 10:23:13 | INFO     | [StrategyPlanner] Tables verified.
2026-03-12 10:23:13 | INFO     | [SessionState] SessionState loaded: profile=Antonio, goals=1, tiered_personas=0 | active=[substance(full), streak, decisions] skipped=[contradictions]
2026-03-12 10:23:13 | INFO     | [BackgroundRunner] Daemon started — pre-warming context cache in 60s
2026-03-12 10:24:13 | INFO     | [BackgroundRunner] Cache: expired stale entries
2026-03-12 10:24:13 | INFO     | [BackgroundRunner] Pattern: pre-computed and cached (120min TTL)
2026-03-12 10:24:13 | INFO     | [BackgroundRunner] Contradiction: pending intentions assessed
2026-03-12 10:24:13 | INFO     | [BackgroundRunner] Streak: today assessed
2026-03-12 10:29:14 | INFO     | [ModeLoader] Loaded mode 'personal' from config/personas_personal.py — 4 personas
2026-03-12 10:29:14 | INFO     | [StrategyPlanner] Tables verified.
2026-03-12 10:29:14 | INFO     | [SessionState] SessionState loaded: profile=Antonio, goals=1, tiered_personas=0 | active=[substance(full), streak, decisions] skipped=[contradictions]
2026-03-12 10:29:14 | INFO     | [BackgroundRunner] Daemon started — pre-warming context cache in 60s
2026-03-12 10:29:34 | INFO     | [ModeLoader] Loaded mode 'personal' from config/personas_personal.py — 4 personas
2026-03-12 10:29:34 | INFO     | [StrategyPlanner] Tables verified.
2026-03-12 10:29:34 | INFO     | [SessionState] SessionState loaded: profile=Antonio, goals=1, tiered_personas=0 | active=[substance(full), streak, decisions] skipped=[contradictions]
2026-03-12 10:29:34 | INFO     | [BackgroundRunner] Daemon started — pre-warming context cache in 60s
2026-03-12 10:32:12 | INFO     | [ModeLoader] Loaded mode 'personal' from config/personas_personal.py — 4 personas
2026-03-12 10:32:12 | INFO     | [StrategyPlanner] Tables verified.
2026-03-12 10:32:12 | INFO     | [SessionState] SessionState loaded: profile=Antonio, goals=1, tiered_personas=0 | active=[substance(full), streak, decisions] skipped=[contradictions]
2026-03-12 10:32:12 | INFO     | [BackgroundRunner] Daemon started — pre-warming context cache in 60s
2026-03-12 10:33:45 | INFO     | [ModeLoader] Loaded mode 'personal' from config/personas_personal.py — 4 personas
2026-03-12 10:33:45 | INFO     | [StrategyPlanner] Tables verified.
2026-03-12 10:33:45 | INFO     | [SessionState] SessionState loaded: profile=Antonio, goals=1, tiered_personas=0 | active=[substance(full), streak, decisions] skipped=[contradictions]
2026-03-12 10:33:45 | INFO     | [BackgroundRunner] Daemon started — pre-warming context cache in 60s
2026-03-12 10:36:45 | INFO     | [ModeLoader] Loaded mode 'personal' from config/personas_personal.py — 4 personas
2026-03-12 10:36:45 | INFO     | [StrategyPlanner] Tables verified.
2026-03-12 10:36:45 | INFO     | [SessionState] SessionState loaded: profile=Antonio, goals=1, tiered_personas=0 | active=[substance(full), streak, decisions] skipped=[contradictions]
2026-03-12 10:36:45 | INFO     | [BackgroundRunner] Daemon started — pre-warming context cache in 60s
2026-03-12 11:33:22 | INFO     | [ModeLoader] Loaded mode 'personal' from config/personas_personal.py — 4 personas
2026-03-12 11:33:22 | INFO     | [StrategyPlanner] Tables verified.
2026-03-12 11:33:22 | INFO     | [SessionState] SessionState loaded: profile=Antonio, goals=1, tiered_personas=0 | active=[substance(full), streak, decisions] skipped=[contradictions]
2026-03-12 11:33:22 | INFO     | [BackgroundRunner] Daemon started — pre-warming context cache in 60s
2026-03-12 11:34:22 | INFO     | [BackgroundRunner] Cache: expired stale entries
2026-03-12 11:34:22 | INFO     | [BackgroundRunner] Pattern: pre-computed and cached (120min TTL)
2026-03-12 11:34:22 | INFO     | [BackgroundRunner] Contradiction: pending intentions assessed
2026-03-12 11:34:22 | INFO     | [BackgroundRunner] Streak: today assessed
2026-03-12 11:48:23 | INFO     | [ModeLoader] Loaded mode 'personal' from config/personas_personal.py — 4 personas
2026-03-12 11:48:23 | INFO     | [StrategyPlanner] Tables verified.
2026-03-12 11:48:23 | INFO     | [SessionState] SessionState loaded: profile=Antonio, goals=1, tiered_personas=0 | active=[substance(full), streak, decisions] skipped=[contradictions]
2026-03-12 11:48:23 | INFO     | [BackgroundRunner] Daemon started — pre-warming context cache in 60s
2026-03-12 11:49:23 | INFO     | [BackgroundRunner] Cache: expired stale entries
2026-03-12 11:49:23 | INFO     | [BackgroundRunner] Pattern: pre-computed and cached (120min TTL)
2026-03-12 11:49:23 | INFO     | [BackgroundRunner] Contradiction: pending intentions assessed
2026-03-12 11:49:23 | INFO     | [BackgroundRunner] Streak: today assessed
2026-03-12 12:24:17 | INFO     | [ModeLoader] Loaded mode 'personal' from config/personas_personal.py — 4 personas
2026-03-12 12:24:17 | INFO     | [StrategyPlanner] Tables verified.
2026-03-12 12:24:17 | INFO     | [SessionState] SessionState loaded: profile=Antonio, goals=1, tiered_personas=0 | active=[substance(full), streak, decisions] skipped=[contradictions]
2026-03-12 12:24:17 | INFO     | [BackgroundRunner] Daemon started — pre-warming context cache in 60s
2026-03-12 12:37:44 | INFO     | [ModeLoader] Loaded mode 'personal' from config/personas_personal.py — 4 personas
2026-03-12 12:37:44 | INFO     | [StrategyPlanner] Tables verified.
2026-03-12 12:37:44 | INFO     | [SessionState] SessionState loaded: profile=Antonio, goals=1, tiered_personas=0 | active=[substance(full), streak, decisions] skipped=[contradictions]
2026-03-12 12:37:44 | INFO     | [BackgroundRunner] Daemon started — pre-warming context cache in 60s
2026-03-12 12:38:44 | INFO     | [BackgroundRunner] Cache: expired stale entries
2026-03-12 12:38:44 | INFO     | [BackgroundRunner] Pattern: pre-computed and cached (120min TTL)
2026-03-12 12:38:44 | INFO     | [BackgroundRunner] Contradiction: pending intentions assessed
2026-03-12 12:38:44 | INFO     | [BackgroundRunner] Streak: today assessed
2026-03-12 12:42:04 | INFO     | [ModeLoader] Loaded mode 'personal' from config/personas_personal.py — 4 personas
2026-03-12 12:42:04 | INFO     | [StrategyPlanner] Tables verified.
2026-03-12 12:42:04 | INFO     | [SessionState] SessionState loaded: profile=Antonio, goals=1, tiered_personas=0 | active=[substance(full), streak, decisions] skipped=[contradictions]
2026-03-12 12:42:04 | INFO     | [BackgroundRunner] Daemon started — pre-warming context cache in 60s
2026-03-12 12:42:31 | INFO     | [StrategyPlanner] Tables verified.
2026-03-12 13:15:35 | INFO     | [ModeLoader] Loaded mode 'personal' from config/personas_personal.py — 4 personas
2026-03-12 13:15:35 | INFO     | [StrategyPlanner] Tables verified.
2026-03-12 13:15:35 | INFO     | [SessionState] SessionState loaded: profile=Antonio, goals=1, tiered_personas=0 | active=[substance(full), streak, decisions] skipped=[contradictions]
2026-03-12 13:15:35 | INFO     | [BackgroundRunner] Daemon started — pre-warming context cache in 60s
2026-03-12 13:15:42 | INFO     | [StrategyPlanner] Tables verified.
